#
# A fatal error has been detected by the Java Runtime Environment:
#
#  EXCEPTION_ACCESS_VIOLATION (0xc0000005) at pc=0x0000000070773350, pid=2624, tid=0x0000000000000ee0
#
# JRE version: OpenJDK Runtime Environment (8.0_242-b01) (build 1.8.0_242-release-1644-b01)
# Java VM: OpenJDK 64-Bit Server VM (25.242-b01 mixed mode windows-amd64 compressed oops)
# Problematic frame:
# V  [jvm.dll+0x473350]
#
# Failed to write core dump. Minidumps are not enabled by default on client versions of Windows
#
# If you would like to submit a bug report, please visit:
#   
#

---------------  T H R E A D  ---------------

Current thread (0x0000000058bdb800):  JavaThread "C2 CompilerThread0" daemon [_thread_in_native, id=3808, stack(0x00000000592f0000,0x00000000593f0000)]

siginfo: ExceptionCode=0xc0000005, writing address 0x0000000000000000

Registers:
RAX=0x0000000000000000, RBX=0x000000006b3fb670, RCX=0x00000000593ec2d0, RDX=0x00000000fb800000
RSP=0x00000000593ec238, RBP=0x0000000000000d99, RSI=0x00000000593ec5f0, RDI=0x00000000000022bd
R8 =0x0000000002000000, R9 =0x0000000067be5e40, R10=0x0000000070300000, R11=0x000000006b439bf0
R12=0x0000000070acf750, R13=0x000000006aaaf340, R14=0x000000000008d030, R15=0x0000000070300000
RIP=0x0000000070773350, EFLAGS=0x0000000000010246

Top of Stack: (sp=0x00000000593ec238)
0x00000000593ec238:   000000007073c11f 00000000593ec610
0x00000000593ec248:   000000006b3f3fb0 0000000000000d99
0x00000000593ec258:   00000000593ec5f0 000028fe00000000
0x00000000593ec268:   0000000000000008 0000000069d4c700
0x00000000593ec278:   000000000000002a 000000005f2336b0
0x00000000593ec288:   000000000000002a 000000006b369770
0x00000000593ec298:   000028fe00000000 0000000000000008
0x00000000593ec2a8:   00000000653179c0 000000000000002a
0x00000000593ec2b8:   0000000066e566a0 000000000000002a
0x00000000593ec2c8:   000000006b327ff0 000022c200000000
0x00000000593ec2d8:   0000000000000006 00000000693d04e0
0x00000000593ec2e8:   0000000000000023 0000000069d66850
0x00000000593ec2f8:   000000000000002a 00000000593ec610
0x00000000593ec308:   000000000000002a 0000000066557660
0x00000000593ec318:   00000000593ec5f0 0000000000000d99
0x00000000593ec328:   000000006b369770 0000000000001425 

Instructions: (pc=0x0000000070773350)
0x0000000070773330:   bb 90 00 00 00 72 e9 48 8b 5c 24 40 48 83 c4 20
0x0000000070773340:   5f c3 cc cc cc cc cc cc cc cc cc cc cc cc cc cc
0x0000000070773350:   40 57 48 83 ec 20 48 63 51 08 48 8b f9 83 fa 08
0x0000000070773360:   73 22 48 8b 41 10 48 8d 0c 90 66 0f 1f 44 00 00 


Register to memory mapping:

RAX=0x0000000000000000 is an unknown value
RBX=0x000000006b3fb670 is an unknown value
RCX=0x00000000593ec2d0 is pointing into the stack for thread: 0x0000000058bdb800
RDX=0x00000000fb800000 is an oop

[error occurred during error reporting (printing register info), id 0xc0000005]

Stack: [0x00000000592f0000,0x00000000593f0000],  sp=0x00000000593ec238,  free space=1008k
Native frames: (J=compiled Java code, j=interpreted, Vv=VM code, C=native code)
V  [jvm.dll+0x473350]
V  [jvm.dll+0x43c11f]
V  [jvm.dll+0x43dc38]
V  [jvm.dll+0x43de26]
V  [jvm.dll+0x43b964]
V  [jvm.dll+0x43aa64]
V  [jvm.dll+0x4456ab]
V  [jvm.dll+0x447fa8]
V  [jvm.dll+0x42b072]
V  [jvm.dll+0x8230f]
V  [jvm.dll+0x82c7f]
V  [jvm.dll+0x220b7f]
V  [jvm.dll+0x27276a]
C  [msvcr100.dll+0x21d9f]
C  [msvcr100.dll+0x21e3b]
C  [kernel32.dll+0x1556d]
C  [ntdll.dll+0x5372d]


Current CompileTask:
C2:  49209 13370 %     4       com.android.tools.r8.ir.optimize.o::b @ 52 (381 bytes)


---------------  P R O C E S S  ---------------

Java Threads: ( => current thread )
  0x000000006610e000 JavaThread "WorkerExecutor Queue Thread 5" [_thread_blocked, id=1948, stack(0x000000006acc0000,0x000000006adc0000)]
  0x000000006610d800 JavaThread "WorkerExecutor Queue Thread 4" [_thread_blocked, id=4376, stack(0x000000005fe70000,0x000000005ff70000)]
  0x0000000066109800 JavaThread "WorkerExecutor Queue Thread 2" [_thread_blocked, id=5656, stack(0x000000006aba0000,0x000000006aca0000)]
  0x000000006610c000 JavaThread "WorkerExecutor Queue" [_thread_blocked, id=708, stack(0x000000006a830000,0x000000006a930000)]
  0x000000005e91e000 JavaThread "Cache worker for execution history cache (D:\WorkProjests\Record\.gradle\6.1.1\executionHistory)" [_thread_blocked, id=2140, stack(0x00000000649c0000,0x0000000064ac0000)]
  0x000000005e91b800 JavaThread "Execution worker for ':' Thread 3" [_thread_blocked, id=5460, stack(0x0000000064280000,0x0000000064380000)]
  0x000000005e91b000 JavaThread "Execution worker for ':' Thread 2" [_thread_blocked, id=376, stack(0x00000000645e0000,0x00000000646e0000)]
  0x000000005e91a000 JavaThread "Execution worker for ':'" [_thread_blocked, id=4420, stack(0x0000000064100000,0x0000000064200000)]
  0x000000005e919800 JavaThread "Cache worker for file content cache (D:\WorkProjests\Record\.gradle\6.1.1\fileContent)" [_thread_blocked, id=3344, stack(0x0000000063db0000,0x0000000063eb0000)]
  0x000000005b6f4800 JavaThread "Cache worker for file content cache (C:\Users\Administrator\.gradle\caches\6.1.1\fileContent)" [_thread_blocked, id=5180, stack(0x0000000063c60000,0x0000000063d60000)]
  0x000000005b6f3800 JavaThread "Memory manager" [_thread_blocked, id=1476, stack(0x0000000063b30000,0x0000000063c30000)]
  0x000000005b6f2000 JavaThread "Cache worker for Build Output Cleanup Cache (D:\WorkProjests\Record\.gradle\buildOutputCleanup)" [_thread_blocked, id=2188, stack(0x0000000062f50000,0x0000000063050000)]
  0x000000005b6f1800 JavaThread "pool-1-thread-1" [_thread_blocked, id=1128, stack(0x000000005d750000,0x000000005d850000)]
  0x000000005b6f0800 JavaThread "Build operations Thread 4" [_thread_blocked, id=968, stack(0x0000000062730000,0x0000000062830000)]
  0x000000005b6f0000 JavaThread "Build operations Thread 3" [_thread_blocked, id=2740, stack(0x000000005d540000,0x000000005d640000)]
  0x000000005b6ef000 JavaThread "Build operations Thread 2" [_thread_blocked, id=3600, stack(0x00000000625a0000,0x00000000626a0000)]
  0x000000005b6ee800 JavaThread "Build operations" [_thread_blocked, id=5900, stack(0x00000000623f0000,0x00000000624f0000)]
  0x000000005b6ea000 JavaThread "Cache worker for execution history cache (C:\Users\Administrator\.gradle\caches\6.1.1\executionHistory)" [_thread_blocked, id=5324, stack(0x00000000615e0000,0x00000000616e0000)]
  0x000000005b6e9000 JavaThread "Cache worker for cache directory md-rule (C:\Users\Administrator\.gradle\caches\6.1.1\md-rule)" [_thread_blocked, id=6008, stack(0x0000000061440000,0x0000000061540000)]
  0x000000005b6e8800 JavaThread "Cache worker for cache directory md-supplier (C:\Users\Administrator\.gradle\caches\6.1.1\md-supplier)" [_thread_blocked, id=5660, stack(0x000000005ff70000,0x0000000060070000)]
  0x000000005b6e7800 JavaThread "Cache worker for file hash cache (D:\WorkProjests\Record\.gradle\6.1.1\fileHashes)" [_thread_blocked, id=640, stack(0x000000005e970000,0x000000005ea70000)]
  0x000000005b6e7000 JavaThread "Cache worker for checksums cache (D:\WorkProjests\Record\.gradle\checksums)" [_thread_blocked, id=5452, stack(0x00000000600a0000,0x00000000601a0000)]
  0x000000005b6e6000 JavaThread "Cache worker for file hash cache (C:\Users\Administrator\.gradle\caches\6.1.1\fileHashes)" [_thread_blocked, id=4676, stack(0x000000005d860000,0x000000005d960000)]
  0x000000005b6e5800 JavaThread "File lock request listener" [_thread_in_native, id=3736, stack(0x000000005d640000,0x000000005d740000)]
  0x000000005b4d7000 JavaThread "Cache worker for journal cache (C:\Users\Administrator\.gradle\caches\journal-1)" [_thread_blocked, id=3376, stack(0x000000005d0d0000,0x000000005d1d0000)]
  0x0000000059cbd800 JavaThread "Thread-9" [_thread_blocked, id=5248, stack(0x000000005d200000,0x000000005d300000)]
  0x0000000059a36000 JavaThread "Stdin handler" [_thread_blocked, id=2424, stack(0x000000005ca60000,0x000000005cb60000)]
  0x0000000059a35000 JavaThread "Asynchronous log dispatcher for DefaultDaemonConnection: socket connection from /127.0.0.1:50170 to /127.0.0.1:50171" [_thread_blocked, id=4840, stack(0x000000005cf20000,0x000000005d020000)]
  0x0000000058cea800 JavaThread "Daemon worker" [_thread_in_Java, id=3748, stack(0x000000005cd50000,0x000000005ce50000)]
  0x0000000058cea000 JavaThread "Cancel handler" [_thread_blocked, id=5220, stack(0x000000005cc00000,0x000000005cd00000)]
  0x0000000058d28800 JavaThread "Handler for socket connection from /127.0.0.1:50170 to /127.0.0.1:50171" [_thread_in_native, id=4164, stack(0x0000000059610000,0x0000000059710000)]
  0x0000000058d27800 JavaThread "Daemon" [_thread_blocked, id=3896, stack(0x0000000058550000,0x0000000058650000)]
  0x000000005b3d1800 JavaThread "Daemon periodic checks" [_thread_blocked, id=964, stack(0x000000005c740000,0x000000005c840000)]
  0x000000005b3b1800 JavaThread "Incoming local TCP Connector on port 50170" [_thread_in_native, id=4048, stack(0x000000005c610000,0x000000005c710000)]
  0x000000005b2c2000 JavaThread "Daemon health stats" [_thread_blocked, id=5564, stack(0x000000005c3c0000,0x000000005c4c0000)]
  0x0000000058c49000 JavaThread "Service Thread" daemon [_thread_blocked, id=5712, stack(0x0000000059770000,0x0000000059870000)]
  0x0000000058c46800 JavaThread "C1 CompilerThread2" daemon [_thread_blocked, id=4220, stack(0x0000000058980000,0x0000000058a80000)]
  0x0000000058c46000 JavaThread "C2 CompilerThread1" daemon [_thread_in_native, id=2760, stack(0x00000000594d0000,0x00000000595d0000)]
=>0x0000000058bdb800 JavaThread "C2 CompilerThread0" daemon [_thread_in_native, id=3808, stack(0x00000000592f0000,0x00000000593f0000)]
  0x0000000057551000 JavaThread "Attach Listener" daemon [_thread_blocked, id=4996, stack(0x00000000591a0000,0x00000000592a0000)]
  0x0000000057550000 JavaThread "Signal Dispatcher" daemon [_thread_blocked, id=4068, stack(0x0000000058fd0000,0x00000000590d0000)]
  0x000000005753b800 JavaThread "Finalizer" daemon [_thread_blocked, id=3160, stack(0x0000000058ad0000,0x0000000058bd0000)]
  0x0000000057534800 JavaThread "Reference Handler" daemon [_thread_blocked, id=5788, stack(0x0000000058840000,0x0000000058940000)]
  0x000000000253e800 JavaThread "main" [_thread_blocked, id=3728, stack(0x0000000002550000,0x0000000002650000)]

Other Threads:
  0x00000000574ed000 VMThread [stack: 0x0000000058670000,0x0000000058770000] [id=5812]
  0x0000000058c4b800 WatcherThread [stack: 0x00000000598e0000,0x00000000599e0000] [id=6064]

VM state:not at safepoint (normal execution)

VM Mutex/Monitor currently owned by a thread: None

heap address: 0x0000000080000000, size: 2048 MB, Compressed Oops mode: 32-bit
Narrow klass base: 0x0000000000000000, Narrow klass shift: 0
Compressed class space size: 1073741824 Address: 0x0000000016b60000

Heap:
 PSYoungGen      total 655872K, used 642618K [0x00000000d5580000, 0x0000000100000000, 0x0000000100000000)
  eden space 621056K, 97% used [0x00000000d5580000,0x00000000fa77ccd0,0x00000000fb400000)
  from space 34816K, 98% used [0x00000000fb400000,0x00000000fd591be0,0x00000000fd600000)
  to   space 41472K, 0% used [0x00000000fd780000,0x00000000fd780000,0x0000000100000000)
 ParOldGen       total 168448K, used 70725K [0x0000000080000000, 0x000000008a480000, 0x00000000d5580000)
  object space 168448K, 41% used [0x0000000080000000,0x0000000084511688,0x000000008a480000)
 Metaspace       used 74471K, capacity 78672K, committed 78888K, reserved 1118208K
  class space    used 10138K, capacity 10973K, committed 11056K, reserved 1048576K

Card table byte_map: [0x0000000011a10000,0x0000000011e20000] byte_map_base: 0x0000000011610000

Marking Bits: (ParMarkBitMap*) 0x0000000070acf030
 Begin Bits: [0x0000000012760000, 0x0000000014760000)
 End Bits:   [0x0000000014760000, 0x0000000016760000)

Polling page: 0x0000000000230000

CodeCache: size=245760Kb used=40319Kb max_used=40383Kb free=205440Kb
 bounds [0x0000000002650000, 0x0000000004e00000, 0x0000000011650000]
 total_blobs=12306 nmethods=11465 adapters=751
 compilation: enabled

Compilation events (10 events):
Event: 48.985 Thread 0x0000000058c46000 nmethod 13434 0x000000000479d990 code [0x000000000479dae0, 0x000000000479db98]
Event: 48.986 Thread 0x0000000058c46000 13696       4       java.util.HashMap::get (23 bytes)
Event: 48.991 Thread 0x0000000058c46000 nmethod 13696 0x000000000479d1d0 code [0x000000000479d340, 0x000000000479d618]
Event: 48.992 Thread 0x0000000058c46000 13686       4       com.android.tools.r8.graph.Z::computeEquals (62 bytes)
Event: 49.007 Thread 0x0000000058c46000 nmethod 13686 0x0000000004796c10 code [0x0000000004796da0, 0x00000000047975b8]
Event: 49.008 Thread 0x0000000058c46000 13230       4       java.util.HashMap::remove (26 bytes)
Event: 49.013 Thread 0x0000000058c46000 nmethod 13230 0x000000000405c8d0 code [0x000000000405ca40, 0x000000000405cef8]
Event: 49.014 Thread 0x0000000058c46000 13174 %     4       com.android.tools.r8.u.b.L0::a @ 0 (30 bytes)
Event: 49.021 Thread 0x0000000058c46000 nmethod 13174% 0x0000000004796110 code [0x0000000004796280, 0x0000000004796718]
Event: 49.022 Thread 0x0000000058c46000 13665 %     4       com.android.tools.r8.ir.regalloc.a::a @ 16 (1759 bytes)

GC Heap History (10 events):
Event: 34.304 GC heap before
{Heap before GC invocations=22 (full 3):
 PSYoungGen      total 632320K, used 623955K [0x00000000d5580000, 0x00000000fe980000, 0x0000000100000000)
  eden space 597504K, 100% used [0x00000000d5580000,0x00000000f9d00000,0x00000000f9d00000)
  from space 34816K, 75% used [0x00000000fc080000,0x00000000fda54f10,0x00000000fe280000)
  to   space 36352K, 0% used [0x00000000f9d00000,0x00000000f9d00000,0x00000000fc080000)
 ParOldGen       total 168448K, used 70717K [0x0000000080000000, 0x000000008a480000, 0x00000000d5580000)
  object space 168448K, 41% used [0x0000000080000000,0x000000008450f688,0x000000008a480000)
 Metaspace       used 72875K, capacity 76886K, committed 77096K, reserved 1116160K
  class space    used 9937K, capacity 10762K, committed 10800K, reserved 1048576K
Event: 34.422 GC heap after
Heap after GC invocations=22 (full 3):
 PSYoungGen      total 633856K, used 25662K [0x00000000d5580000, 0x0000000100000000, 0x0000000100000000)
  eden space 597504K, 0% used [0x00000000d5580000,0x00000000d5580000,0x00000000f9d00000)
  from space 36352K, 70% used [0x00000000f9d00000,0x00000000fb60f8b8,0x00000000fc080000)
  to   space 36864K, 0% used [0x00000000fdc00000,0x00000000fdc00000,0x0000000100000000)
 ParOldGen       total 168448K, used 70717K [0x0000000080000000, 0x000000008a480000, 0x00000000d5580000)
  object space 168448K, 41% used [0x0000000080000000,0x000000008450f688,0x000000008a480000)
 Metaspace       used 72875K, capacity 76886K, committed 77096K, reserved 1116160K
  class space    used 9937K, capacity 10762K, committed 10800K, reserved 1048576K
}
Event: 36.823 GC heap before
{Heap before GC invocations=23 (full 3):
 PSYoungGen      total 633856K, used 623166K [0x00000000d5580000, 0x0000000100000000, 0x0000000100000000)
  eden space 597504K, 100% used [0x00000000d5580000,0x00000000f9d00000,0x00000000f9d00000)
  from space 36352K, 70% used [0x00000000f9d00000,0x00000000fb60f8b8,0x00000000fc080000)
  to   space 36864K, 0% used [0x00000000fdc00000,0x00000000fdc00000,0x0000000100000000)
 ParOldGen       total 168448K, used 70717K [0x0000000080000000, 0x000000008a480000, 0x00000000d5580000)
  object space 168448K, 41% used [0x0000000080000000,0x000000008450f688,0x000000008a480000)
 Metaspace       used 72915K, capacity 76958K, committed 77096K, reserved 1116160K
  class space    used 9937K, capacity 10762K, committed 10800K, reserved 1048576K
Event: 36.918 GC heap after
Heap after GC invocations=23 (full 3):
 PSYoungGen      total 657920K, used 29240K [0x00000000d5580000, 0x0000000100000000, 0x0000000100000000)
  eden space 621056K, 0% used [0x00000000d5580000,0x00000000d5580000,0x00000000fb400000)
  from space 36864K, 79% used [0x00000000fdc00000,0x00000000ff88e3a8,0x0000000100000000)
  to   space 38912K, 0% used [0x00000000fb400000,0x00000000fb400000,0x00000000fda00000)
 ParOldGen       total 168448K, used 70717K [0x0000000080000000, 0x000000008a480000, 0x00000000d5580000)
  object space 168448K, 41% used [0x0000000080000000,0x000000008450f688,0x000000008a480000)
 Metaspace       used 72915K, capacity 76958K, committed 77096K, reserved 1116160K
  class space    used 9937K, capacity 10762K, committed 10800K, reserved 1048576K
}
Event: 39.267 GC heap before
{Heap before GC invocations=24 (full 3):
 PSYoungGen      total 657920K, used 650296K [0x00000000d5580000, 0x0000000100000000, 0x0000000100000000)
  eden space 621056K, 100% used [0x00000000d5580000,0x00000000fb400000,0x00000000fb400000)
  from space 36864K, 79% used [0x00000000fdc00000,0x00000000ff88e3a8,0x0000000100000000)
  to   space 38912K, 0% used [0x00000000fb400000,0x00000000fb400000,0x00000000fda00000)
 ParOldGen       total 168448K, used 70717K [0x0000000080000000, 0x000000008a480000, 0x00000000d5580000)
  object space 168448K, 41% used [0x0000000080000000,0x000000008450f688,0x000000008a480000)
 Metaspace       used 72957K, capacity 76962K, committed 77096K, reserved 1116160K
  class space    used 9937K, capacity 10762K, committed 10800K, reserved 1048576K
Event: 39.350 GC heap after
Heap after GC invocations=24 (full 3):
 PSYoungGen      total 659968K, used 25992K [0x00000000d5580000, 0x0000000100000000, 0x0000000100000000)
  eden space 621056K, 0% used [0x00000000d5580000,0x00000000d5580000,0x00000000fb400000)
  from space 38912K, 66% used [0x00000000fb400000,0x00000000fcd622a0,0x00000000fda00000)
  to   space 38912K, 0% used [0x00000000fda00000,0x00000000fda00000,0x0000000100000000)
 ParOldGen       total 168448K, used 70717K [0x0000000080000000, 0x000000008a480000, 0x00000000d5580000)
  object space 168448K, 41% used [0x0000000080000000,0x000000008450f688,0x000000008a480000)
 Metaspace       used 72957K, capacity 76962K, committed 77096K, reserved 1116160K
  class space    used 9937K, capacity 10762K, committed 10800K, reserved 1048576K
}
Event: 41.516 GC heap before
{Heap before GC invocations=25 (full 3):
 PSYoungGen      total 659968K, used 647048K [0x00000000d5580000, 0x0000000100000000, 0x0000000100000000)
  eden space 621056K, 100% used [0x00000000d5580000,0x00000000fb400000,0x00000000fb400000)
  from space 38912K, 66% used [0x00000000fb400000,0x00000000fcd622a0,0x00000000fda00000)
  to   space 38912K, 0% used [0x00000000fda00000,0x00000000fda00000,0x0000000100000000)
 ParOldGen       total 168448K, used 70717K [0x0000000080000000, 0x000000008a480000, 0x00000000d5580000)
  object space 168448K, 41% used [0x0000000080000000,0x000000008450f688,0x000000008a480000)
 Metaspace       used 72980K, capacity 76968K, committed 77096K, reserved 1116160K
  class space    used 9938K, capacity 10763K, committed 10800K, reserved 1048576K
Event: 41.596 GC heap after
Heap after GC invocations=25 (full 3):
 PSYoungGen      total 657920K, used 16287K [0x00000000d5580000, 0x00000000ffe00000, 0x0000000100000000)
  eden space 621056K, 0% used [0x00000000d5580000,0x00000000d5580000,0x00000000fb400000)
  from space 36864K, 44% used [0x00000000fda00000,0x00000000fe9e7e68,0x00000000ffe00000)
  to   space 37888K, 0% used [0x00000000fb400000,0x00000000fb400000,0x00000000fd900000)
 ParOldGen       total 168448K, used 70725K [0x0000000080000000, 0x000000008a480000, 0x00000000d5580000)
  object space 168448K, 41% used [0x0000000080000000,0x0000000084511688,0x000000008a480000)
 Metaspace       used 72980K, capacity 76968K, committed 77096K, reserved 1116160K
  class space    used 9938K, capacity 10763K, committed 10800K, reserved 1048576K
}
Event: 45.111 GC heap before
{Heap before GC invocations=26 (full 3):
 PSYoungGen      total 657920K, used 637343K [0x00000000d5580000, 0x00000000ffe00000, 0x0000000100000000)
  eden space 621056K, 100% used [0x00000000d5580000,0x00000000fb400000,0x00000000fb400000)
  from space 36864K, 44% used [0x00000000fda00000,0x00000000fe9e7e68,0x00000000ffe00000)
  to   space 37888K, 0% used [0x00000000fb400000,0x00000000fb400000,0x00000000fd900000)
 ParOldGen       total 168448K, used 70725K [0x0000000080000000, 0x000000008a480000, 0x00000000d5580000)
  object space 168448K, 41% used [0x0000000080000000,0x0000000084511688,0x000000008a480000)
 Metaspace       used 74466K, capacity 78672K, committed 78888K, reserved 1118208K
  class space    used 10138K, capacity 10973K, committed 11056K, reserved 1048576K
Event: 45.161 GC heap after
Heap after GC invocations=26 (full 3):
 PSYoungGen      total 655872K, used 34374K [0x00000000d5580000, 0x0000000100000000, 0x0000000100000000)
  eden space 621056K, 0% used [0x00000000d5580000,0x00000000d5580000,0x00000000fb400000)
  from space 34816K, 98% used [0x00000000fb400000,0x00000000fd591be0,0x00000000fd600000)
  to   space 41472K, 0% used [0x00000000fd780000,0x00000000fd780000,0x0000000100000000)
 ParOldGen       total 168448K, used 70725K [0x0000000080000000, 0x000000008a480000, 0x00000000d5580000)
  object space 168448K, 41% used [0x0000000080000000,0x0000000084511688,0x000000008a480000)
 Metaspace       used 74466K, capacity 78672K, committed 78888K, reserved 1118208K
  class space    used 10138K, capacity 10973K, committed 11056K, reserved 1048576K
}

Deoptimization events (10 events):
Event: 42.866 Thread 0x000000006610c000 Uncommon trap: reason=unstable_if action=reinterpret pc=0x0000000003b1dce4 method=java.io.BufferedInputStream.fill()V @ 9
Event: 43.388 Thread 0x000000006610e000 Uncommon trap: reason=unstable_if action=reinterpret pc=0x0000000003228d70 method=java.nio.Buffer.limit(I)Ljava/nio/Buffer; @ 33
Event: 43.632 Thread 0x000000005e91e000 Uncommon trap: reason=unstable_if action=reinterpret pc=0x0000000003229780 method=com.esotericsoftware.kryo.io.Output.writeString(Ljava/lang/CharSequence;)V @ 50
Event: 43.632 Thread 0x000000005e91e000 Uncommon trap: reason=unstable_if action=reinterpret pc=0x0000000002869504 method=com.esotericsoftware.kryo.io.Output.writeString(Ljava/lang/CharSequence;)V @ 50
Event: 43.633 Thread 0x000000005e91e000 Uncommon trap: reason=unstable_if action=reinterpret pc=0x0000000003bc3664 method=java.io.BufferedOutputStream.write([BII)V @ 6
Event: 43.806 Thread 0x000000006610e000 Uncommon trap: reason=unstable_if action=reinterpret pc=0x00000000027fa244 method=java.nio.Bits.getShort(Ljava/nio/ByteBuffer;IZ)S @ 1
Event: 43.975 Thread 0x000000006610f000 Uncommon trap: reason=unstable_if action=reinterpret pc=0x0000000002f9d5b0 method=java.util.Arrays.hashCode([Ljava/lang/Object;)I @ 1
Event: 44.347 Thread 0x000000006610f000 Uncommon trap: reason=unstable_if action=reinterpret pc=0x00000000035b2730 method=java.util.concurrent.locks.ReentrantLock$Sync.nonfairTryAcquire(I)Z @ 19
Event: 45.161 Thread 0x0000000057534800 Uncommon trap: reason=unstable_if action=reinterpret pc=0x0000000002b71b70 method=java.lang.ref.Reference.tryHandlePending(Z)Z @ 20
Event: 47.085 Thread 0x0000000058cea800 Uncommon trap: reason=null_check action=make_not_entrant pc=0x0000000004d45f88 method=com.android.tools.r8.s.a.a.b.j.b(Ljava/lang/Object;I)I @ 35

Classes redefined (0 events):
No events

Internal exceptions (10 events):
Event: 43.576 Thread 0x0000000066109800 Exception <a 'sun/nio/fs/WindowsException'> (0x00000000ecf92680) thrown at [C:\src\AOSP-openjdk-git\hotspot\src\share\vm\prims\jni.cpp, line 710]
Event: 43.578 Thread 0x0000000066109800 Exception <a 'sun/nio/fs/WindowsException'> (0x00000000ecf9fdc0) thrown at [C:\src\AOSP-openjdk-git\hotspot\src\share\vm\prims\jni.cpp, line 710]
Event: 43.585 Thread 0x0000000066109800 Exception <a 'sun/nio/fs/WindowsException'> (0x00000000ecfa86d8) thrown at [C:\src\AOSP-openjdk-git\hotspot\src\share\vm\prims\jni.cpp, line 710]
Event: 43.588 Thread 0x0000000066109800 Exception <a 'sun/nio/fs/WindowsException'> (0x00000000ed1d20d0) thrown at [C:\src\AOSP-openjdk-git\hotspot\src\share\vm\prims\jni.cpp, line 710]
Event: 43.590 Thread 0x0000000066109800 Exception <a 'sun/nio/fs/WindowsException'> (0x00000000ed2183b8) thrown at [C:\src\AOSP-openjdk-git\hotspot\src\share\vm\prims\jni.cpp, line 710]
Event: 43.592 Thread 0x0000000066109800 Exception <a 'sun/nio/fs/WindowsException'> (0x00000000ed25dcb0) thrown at [C:\src\AOSP-openjdk-git\hotspot\src\share\vm\prims\jni.cpp, line 710]
Event: 43.768 Thread 0x000000006610e000 Exception <a 'sun/nio/fs/WindowsException'> (0x00000000eee8fba0) thrown at [C:\src\AOSP-openjdk-git\hotspot\src\share\vm\prims\jni.cpp, line 710]
Event: 43.975 Thread 0x000000006610f000 Implicit null exception at 0x0000000002f9d4af to 0x0000000002f9d5a1
Event: 44.341 Thread 0x0000000064e6c000 Exception <a 'sun/nio/fs/WindowsException'> (0x00000000f45ab718) thrown at [C:\src\AOSP-openjdk-git\hotspot\src\share\vm\prims\jni.cpp, line 710]
Event: 47.085 Thread 0x0000000058cea800 Implicit null exception at 0x0000000004d3e134 to 0x0000000004d45f51

Events (10 events):
Event: 48.935 Thread 0x0000000058cea800 DEOPT PACKING pc=0x0000000003ff7225 sp=0x000000005ce46d00
Event: 48.935 Thread 0x0000000058cea800 DEOPT UNPACKING pc=0x00000000026975d0 sp=0x000000005ce46bf8 mode 0
Event: 48.980 Thread 0x0000000058cea800 DEOPT PACKING pc=0x0000000004a256f2 sp=0x000000005ce46b40
Event: 48.980 Thread 0x0000000058cea800 DEOPT UNPACKING pc=0x00000000026975d0 sp=0x000000005ce46c08 mode 0
Event: 48.989 Thread 0x0000000058cea800 DEOPT PACKING pc=0x0000000003ff7023 sp=0x000000005ce46d00
Event: 48.989 Thread 0x0000000058cea800 DEOPT UNPACKING pc=0x00000000026975d0 sp=0x000000005ce46bf8 mode 0
Event: 49.008 Thread 0x0000000058c46000 flushing nmethod 0x0000000002d30350
Event: 49.022 Thread 0x0000000058c46000 flushing nmethod 0x0000000003237f50
Event: 49.022 Thread 0x0000000058cea800 DEOPT PACKING pc=0x0000000003ff700c sp=0x000000005ce46d00
Event: 49.022 Thread 0x0000000058cea800 DEOPT UNPACKING pc=0x00000000026975d0 sp=0x000000005ce46bf8 mode 0


Dynamic libraries:
0x000000013f9d0000 - 0x000000013fa01000 	D:\Android Studio\jre\bin\java.exe
0x0000000077680000 - 0x000000007781f000 	C:\windows\SYSTEM32\ntdll.dll
0x0000000077460000 - 0x000000007757f000 	C:\windows\system32\kernel32.dll
0x000007fefd2e0000 - 0x000007fefd347000 	C:\windows\system32\KERNELBASE.dll
0x000007fefdf20000 - 0x000007fefdffb000 	C:\windows\system32\ADVAPI32.dll
0x000007fefddb0000 - 0x000007fefde4f000 	C:\windows\system32\msvcrt.dll
0x000007feff950000 - 0x000007feff96f000 	C:\windows\SYSTEM32\sechost.dll
0x000007fefe080000 - 0x000007fefe1ac000 	C:\windows\system32\RPCRT4.dll
0x0000000077580000 - 0x000000007767b000 	C:\windows\system32\USER32.dll
0x000007feff4e0000 - 0x000007feff547000 	C:\windows\system32\GDI32.dll
0x000007fefd5e0000 - 0x000007fefd5ee000 	C:\windows\system32\LPK.dll
0x000007fefde50000 - 0x000007fefdf1b000 	C:\windows\system32\USP10.dll
0x000007fefb790000 - 0x000007fefb985000 	C:\windows\WinSxS\amd64_microsoft.windows.common-controls_6595b64144ccf1df_6.0.7601.24483_none_e372d88f30fbb845\COMCTL32.dll
0x000007fefe000000 - 0x000007fefe071000 	C:\windows\system32\SHLWAPI.dll
0x000007fefeff0000 - 0x000007feff01e000 	C:\windows\system32\IMM32.DLL
0x000007feff550000 - 0x000007feff65b000 	C:\windows\system32\MSCTF.dll
0x000007fefd110000 - 0x000007fefd140000 	C:\windows\system32\nvinitx.dll
0x000007fefd100000 - 0x000007fefd10c000 	C:\windows\system32\VERSION.dll
0x0000000074d90000 - 0x0000000074d96000 	C:\Program Files\NVIDIA Corporation\CoProcManager\detoured.dll
0x000007fefa990000 - 0x000007fefa9c8000 	C:\Program Files\NVIDIA Corporation\CoProcManager\nvd3d9wrapx.dll
0x000007feff300000 - 0x000007feff4d7000 	C:\windows\system32\SETUPAPI.dll
0x000007fefd540000 - 0x000007fefd576000 	C:\windows\system32\CFGMGR32.dll
0x000007fefd5f0000 - 0x000007fefd6cb000 	C:\windows\system32\OLEAUT32.dll
0x000007feff020000 - 0x000007feff21f000 	C:\windows\system32\ole32.dll
0x000007fefd1f0000 - 0x000007fefd20a000 	C:\windows\system32\DEVOBJ.dll
0x000007fefa960000 - 0x000007fefa984000 	C:\Program Files\NVIDIA Corporation\CoProcManager\nvdxgiwrapx.dll
0x0000000070220000 - 0x00000000702f2000 	D:\Android Studio\jre\jre\bin\msvcr100.dll
0x0000000070300000 - 0x0000000070b4b000 	D:\Android Studio\jre\jre\bin\server\jvm.dll
0x000007feecae0000 - 0x000007feecae9000 	C:\windows\system32\WSOCK32.dll
0x000007fefd590000 - 0x000007fefd5dd000 	C:\windows\system32\WS2_32.dll
0x000007fefefe0000 - 0x000007fefefe8000 	C:\windows\system32\NSI.dll
0x000007fefa780000 - 0x000007fefa7bb000 	C:\windows\system32\WINMM.dll
0x0000000077830000 - 0x0000000077837000 	C:\windows\system32\PSAPI.DLL
0x000007feec7b0000 - 0x000007feec7bf000 	D:\Android Studio\jre\jre\bin\verify.dll
0x000007feebd00000 - 0x000007feebd29000 	D:\Android Studio\jre\jre\bin\java.dll
0x000007feeb940000 - 0x000007feeb956000 	D:\Android Studio\jre\jre\bin\zip.dll
0x000007fefe250000 - 0x000007fefefdb000 	C:\windows\system32\SHELL32.dll
0x000007fefd1d0000 - 0x000007fefd1df000 	C:\windows\system32\profapi.dll
0x000007fef28e0000 - 0x000007fef28fa000 	D:\Android Studio\jre\jre\bin\net.dll
0x000007fefc910000 - 0x000007fefc965000 	C:\windows\system32\mswsock.dll
0x000007fefc900000 - 0x000007fefc907000 	C:\windows\System32\wship6.dll
0x000007fef2870000 - 0x000007fef2883000 	D:\Android Studio\jre\jre\bin\nio.dll
0x000007fef21d0000 - 0x000007fef21f6000 	C:\Users\Administrator\.gradle\native\31\windows-amd64\native-platform.dll
0x000007fefc210000 - 0x000007fefc213000 	C:\windows\system32\api-ms-win-core-synch-l1-2-0.DLL
0x000007fef28d0000 - 0x000007fef28dd000 	D:\Android Studio\jre\jre\bin\management.dll
0x000007fefce80000 - 0x000007fefce98000 	C:\windows\system32\CRYPTSP.dll
0x000007fefc670000 - 0x000007fefc6b7000 	C:\windows\system32\rsaenh.dll
0x000007fefd2b0000 - 0x000007fefd2cf000 	C:\windows\system32\USERENV.dll
0x000007fefd030000 - 0x000007fefd03f000 	C:\windows\system32\CRYPTBASE.dll
0x000007fefa6a0000 - 0x000007fefa6c7000 	C:\windows\system32\IPHLPAPI.DLL
0x000007fefa690000 - 0x000007fefa69b000 	C:\windows\system32\WINNSI.DLL
0x000007fef5980000 - 0x000007fef5998000 	C:\windows\system32\dhcpcsvc.DLL
0x000007fef5960000 - 0x000007fef5971000 	C:\windows\system32\dhcpcsvc6.DLL
0x000007fef2490000 - 0x000007fef25b5000 	C:\windows\system32\dbghelp.dll

VM Arguments:
jvm_args: -Xmx2048m -Dfile.encoding=GBK -Duser.country=CN -Duser.language=zh -Duser.variant 
java_command: org.gradle.launcher.daemon.bootstrap.GradleDaemon 6.1.1
java_class_path (initial): C:\Users\Administrator\.gradle\wrapper\dists\gradle-6.1.1-all\cfmwm155h49vnt3hynmlrsdst\gradle-6.1.1\lib\gradle-launcher-6.1.1.jar
Launcher Type: SUN_STANDARD

Environment Variables:
PATH=C:\windows\system32;C:\windows;C:\windows\System32\Wbem;C:\windows\System32\WindowsPowerShell\v1.0\;C:\Program Files\TortoiseSVN\bin;D:\Git\cmd
USERNAME=Administrator
OS=Windows_NT
PROCESSOR_IDENTIFIER=Intel64 Family 6 Model 61 Stepping 4, GenuineIntel



---------------  S Y S T E M  ---------------

OS: Windows 7 , 64 bit Build 7601 (6.1.7601.24545)

CPU:total 4 (initial active 4) (2 cores per cpu, 2 threads per core) family 6 model 61 stepping 4, cmov, cx8, fxsr, mmx, sse, sse2, sse3, ssse3, sse4.1, sse4.2, popcnt, avx, avx2, aes, clmul, erms, 3dnowpref, lzcnt, ht, tsc, tscinvbit, bmi1, bmi2, adx

Memory: 4k page, physical 12501684k(7575240k free), swap 25001468k(18825788k free)

vm_info: OpenJDK 64-Bit Server VM (25.242-b01) for windows-amd64 JRE (1.8.0_242-release-1644-b01), built by "builder" with MS VC++ 10.0 (VS2010)

time: Mon Feb 28 08:56:42 2022
timezone: 中国标准时间
elapsed time: 49 seconds (0d 0h 0m 49s)

